
R version 3.3.2 (2016-10-31) -- "Sincere Pumpkin Patch"
Copyright (C) 2016 The R Foundation for Statistical Computing
Platform: x86_64-w64-mingw32/x64 (64-bit)

R is free software and comes with ABSOLUTELY NO WARRANTY.
You are welcome to redistribute it under certain conditions.
Type 'license()' or 'licence()' for distribution details.

  Natural language support but running in an English locale

R is a collaborative project with many contributors.
Type 'contributors()' for more information and
'citation()' on how to cite R or R packages in publications.

Type 'demo()' for some demos, 'help()' for on-line help, or
'help.start()' for an HTML browser interface to help.
Type 'q()' to quit R.

> #install.packages("reshape2")
> #setwd("C:/Users/andymd26/Downloads")
> #install.packages("gdxrrw_a.b.c.zip")
> library(reshape2)
> library(gdxrrw)
> igdx("D:/Program Files/24.8")
GDX API loaded from gamsSysDir=D:/Program Files/24.8
The GDX library has been loaded
GDX library load path: D:/Program Files/24.8
> 
> setwd("D:/Users/andymd26/Documents/vigilant-enigma/src/output")
> L = rgdx.set("sets.gdx", "L")
> n = rgdx.set("sets.gdx", "n")
> A = diag(dim(J)[1])*1
Error in diag(dim(J)[1]) : object 'J' not found
Execution halted
